<?xml version="1.0" encoding="UTF-8" ?>
<testsuite tests="3" failures="0" name="se.kth.ict.iv1350.retailstore.integration.ItemRegistryTest" time="0.031" errors="0" skipped="0">
  <properties>
[...]
</properties>
  <testcase classname="se.kth.ict.iv1350.retailstore.integration.ItemRegistryTest" name="se.kth.ict.iv1350.retailstore.integration.ItemRegistryTest.testGetByInvalidRegNo" time="0"/>
  <testcase classname="se.kth.ict.iv1350.retailstore.integration.ItemRegistryTest" name="se.kth.ict.iv1350.retailstore.integration.ItemRegistryTest.testGetItemNotAvailable" time="0.016"/>
  <testcase classname="se.kth.ict.iv1350.retailstore.integration.ItemRegistryTest" name="se.kth.ict.iv1350.retailstore.integration.ItemRegistryTest.testFindItemByRegNo" time="0.015"/>
</testsuite>